<?xml version="1.0" encoding="UTF-8"?>
<!-- Generated by org.testng.reporters.JUnitReportReporter -->
<testsuite hostname="LAPTOP-9H9I4M11" failures="0" tests="5" name="API.APITests" time="16.321" errors="0" timestamp="2022-09-04T00:33:25 GMT+03:00" skipped="0">
  <testcase classname="API.APITests" name="propertiesPresentInJSON" time="1.980"/>
  <system-out/>
  <testcase classname="API.APITests" name="testRessponseCodeIs200" time="0.881"/>
  <system-out/>
  <testcase classname="API.APITests" name="inValidAPIKey" time="2.716"/>
  <system-out/>
  <testcase classname="API.APITests" name="programTypeValidation" time="2.470"/>
  <system-out/>
  <testcase classname="API.APITests" name="promotionIdIsString" time="8.274"/>
  <system-out/>
</testsuite> <!-- API.APITests -->
